<?xml version="1.0" encoding="UTF-8"?>
<testsuite xmlns:xsi="http://www.w3.org/2001/XMLSchema-instance" xsi:noNamespaceSchemaLocation="https://maven.apache.org/surefire/maven-surefire-plugin/xsd/surefire-test-report.xsd" version="3.0.2" name="com.project.weedapi.WeedapiApplicationTests" time="1.89" tests="1" errors="0" skipped="0" failures="0">
  <properties>
[...]
</properties>
  <testcase name="contextLoads" classname="com.project.weedapi.WeedapiApplicationTests" time="0.515">
    <system-out><![CDATA[22:19:03.329 [main] INFO org.springframework.test.context.support.AnnotationConfigContextLoaderUtils -- Could not detect default configuration classes for test class [com.project.weedapi.WeedapiApplicationTests]: WeedapiApplicationTests does not declare any static, non-private, non-final, nested classes annotated with @Configuration.
22:19:03.400 [main] INFO org.springframework.boot.test.context.SpringBootTestContextBootstrapper -- Found @SpringBootConfiguration com.project.weedapi.WeedapiApplication for test class com.project.weedapi.WeedapiApplicationTests

  .   ____          _            __ _ _
 /\\ / ___'_ __ _ _(_)_ __  __ _ \ \ \ \
( ( )\___ | '_ | '_| | '_ \/ _` | \ \ \ \
 \\/  ___)| |_)| | | | | || (_| |  ) ) ) )
  '  |____| .__|_| |_|_| |_\__, | / / / /
 =========|_|==============|___/=/_/_/_/

 :: Spring Boot ::                (v3.4.4)

2025-04-14T22:19:03.660+08:00  INFO 24224 --- [weedapi] [           main] c.p.weedapi.WeedapiApplicationTests      : Starting WeedapiApplicationTests using Java 24 with PID 24224 (started by user in C:\Users\user\Desktop\weedapi)
2025-04-14T22:19:03.661+08:00  INFO 24224 --- [weedapi] [           main] c.p.weedapi.WeedapiApplicationTests      : No active profile set, falling back to 1 default profile: "default"
2025-04-14T22:19:04.619+08:00  INFO 24224 --- [weedapi] [           main] c.p.weedapi.WeedapiApplicationTests      : Started WeedapiApplicationTests in 1.143 seconds (process running for 1.677)
]]></system-out>
    <system-err><![CDATA[Mockito is currently self-attaching to enable the inline-mock-maker. This will no longer work in future releases of the JDK. Please add Mockito as an agent to your build what is described in Mockito's documentation: https://javadoc.io/doc/org.mockito/mockito-core/latest/org/mockito/Mockito.html#0.3
WARNING: A Java agent has been loaded dynamically (C:\Users\user\.m2\repository\net\bytebuddy\byte-buddy-agent\1.15.11\byte-buddy-agent-1.15.11.jar)
WARNING: If a serviceability tool is in use, please run with -XX:+EnableDynamicAgentLoading to hide this warning
WARNING: If a serviceability tool is not in use, please run with -Djdk.instrument.traceUsage for more information
WARNING: Dynamic loading of agents will be disallowed by default in a future release
]]></system-err>
  </testcase>
</testsuite>